<?xml version="1.0" encoding="UTF-8"?>
<testng-results skipped="0" failed="0" ignored="0" total="1" passed="1">
  <reporter-output>
  </reporter-output>
  <suite name="Default suite" duration-ms="77" started-at="2020-04-24T06:25:32Z" finished-at="2020-04-24T06:25:32Z">
    <groups>
    </groups>
    <test name="Default test" duration-ms="77" started-at="2020-04-24T06:25:32Z" finished-at="2020-04-24T06:25:32Z">
      <class name="com.test.maven.HelloWorld">
        <test-method status="PASS" signature="helloWorld()[pri:0, instance:com.test.maven.HelloWorld@2ef5e5e3]" name="helloWorld" duration-ms="24" started-at="2020-04-24T11:55:32Z" finished-at="2020-04-24T11:55:32Z">
          <reporter-output>
          </reporter-output>
        </test-method> <!-- helloWorld -->
      </class> <!-- com.test.maven.HelloWorld -->
    </test> <!-- Default test -->
  </suite> <!-- Default suite -->
</testng-results>
